{"level":"info","message":"{\"route\":\"/user/authenticate\"}"}
{"level":"info","message":"{\"route\":\"/user/authenticate\"}"}
{"level":"info","message":"{\"route\":\"/user/authenticate\"}"}
{"level":"info","message":"{\"route\":\"/user/authenticate\"}"}
{"level":"info","message":"{\"route\":\"/user/authenticate\"}"}
{"level":"info","message":"{\"route\":\"healthCheck/\",\"data\":\"{}\"}"}
{"level":"info","message":"{\"route\":\"/user/authenticate\"}"}
{"level":"info","message":"{\"route\":\"/user/authenticate\",\"data\":\"{\\\"userName\\\":\\\"tom\\\",\\\"password\\\":\\\"qwerty\\\"}\"}"}
{"level":"info","message":"{\"route\":\"/user/authenticate\",\"data\":\"{\\\"userName\\\":\\\"tom\\\",\\\"password\\\":\\\"qwerty\\\"}\"}"}
{"level":"info","message":"{\"route\":\"/user/authenticate\",\"data\":\"{\\\"userName\\\":\\\"tom\\\",\\\"password\\\":\\\"qwerty\\\"}\"}"}
{"level":"info","message":"{\"route\":\"/user/authenticate\",\"data\":\"{\\\"userName\\\":\\\"tom\\\",\\\"password\\\":\\\"qwerty\\\"}\"}"}
{"level":"info","message":"{\"route\":\"/user/authenticate\",\"data\":\"{\\\"userName\\\":\\\"tom\\\",\\\"password\\\":\\\"qwerty\\\"}\"}"}
{"level":"info","message":"{\"route\":\"/user/authenticate\",\"data\":\"{\\\"userName\\\":\\\"tom\\\",\\\"password\\\":\\\"qwerty\\\"}\"}"}
{"level":"info","message":"{\"route\":\"/user/authenticate\",\"data\":\"{\\\"userName\\\":\\\"tom\\\",\\\"password\\\":\\\"qwerty\\\"}\"}"}
{"level":"info","message":"{\"route\":\"/user/authenticate\",\"data\":\"{\\\"userName\\\":\\\"tom\\\",\\\"password\\\":\\\"qwerty\\\"}\"}"}
{"level":"info","message":"{\"route\":\"/user/authenticate\",\"data\":\"{\\\"userName\\\":\\\"tom\\\",\\\"password\\\":\\\"qwerty\\\"}\"}"}
{"level":"info","message":"{\"route\":\"/user/authenticate\",\"data\":\"{\\\"userName\\\":\\\"tom\\\",\\\"password\\\":\\\"qwerty\\\"}\"}"}
{"level":"info","message":"{\"route\":\"/user/authenticate\",\"data\":\"{\\\"userName\\\":\\\"tom\\\",\\\"password\\\":\\\"qwerty\\\"}\"}"}
{"level":"info","message":"{\"route\":\"/user/authenticate\",\"data\":\"{\\\"userName\\\":\\\"tom\\\",\\\"password\\\":\\\"qwerty\\\"}\"}"}
{"level":"info","message":"{\"route\":\"/user/authenticate\",\"data\":\"{\\\"userName\\\":\\\"tom\\\",\\\"password\\\":\\\"qwerty\\\"}\"}"}
{"level":"info","message":"{\"route\":\"/user/authenticate\",\"data\":\"{\\\"userName\\\":\\\"tom\\\",\\\"password\\\":\\\"qwerty\\\"}\"}"}
{"level":"info","message":"{\"route\":\"/user/authenticate\",\"data\":\"{\\\"userName\\\":\\\"tom\\\",\\\"password\\\":\\\"qwerty\\\"}\"}"}
{"level":"info","message":"{\"route\":\"/user/authenticate\",\"data\":\"{\\\"userName\\\":\\\"tom\\\",\\\"password\\\":\\\"qwerty\\\"}\"}"}
{"level":"info","message":"{\"route\":\"/user/authenticate\",\"data\":\"{\\\"userName\\\":\\\"tom\\\",\\\"password\\\":\\\"qwerty\\\"}\"}"}
{"level":"info","message":"{\"route\":\"/user/authenticate\",\"data\":\"{\\\"userName\\\":\\\"tom\\\",\\\"password\\\":\\\"qwerty\\\"}\"}"}
{"level":"info","message":"{\"route\":\"/user/authenticate\",\"data\":\"{\\\"userName\\\":\\\"tom\\\",\\\"password\\\":\\\"qwerty\\\"}\"}"}
{"level":"info","message":"{\"route\":\"/user/authenticate\",\"data\":\"{\\\"userName\\\":\\\"tom\\\",\\\"password\\\":\\\"qwerty\\\"}\"}"}
{"level":"info","message":"{\"route\":\"/account/login\",\"data\":\"{}\"}"}
{"level":"info","message":"{\"route\":\"/account/create\",\"data\":\"{\\\"userName\\\":\\\"tom\\\",\\\"password\\\":\\\"qwerty\\\"}\"}"}
{"level":"info","message":"{\"route\":\"/account/create\",\"data\":\"{\\\"userName\\\":\\\"tom\\\",\\\"password\\\":\\\"qwerty\\\"}\"}"}
{"level":"info","message":"{\"route\":\"/account/create\",\"data\":\"{}\"}"}
{"level":"info","message":"{\"route\":\"/account/create\",\"data\":\"{\\\"userName\\\":\\\"tom\\\",\\\"password\\\":\\\"qwerty\\\"}\"}"}
{"level":"info","message":"{\"route\":\"/account/create\",\"data\":\"{\\\"userName\\\":\\\"tom\\\",\\\"password\\\":\\\"qwerty\\\"}\"}"}
{"level":"info","message":"{\"route\":\"/account/create\",\"data\":\"{\\\"userName\\\":\\\"tom\\\",\\\"password\\\":\\\"qwerty\\\"}\"}"}
{"level":"info","message":"{\"route\":\"/account/create\",\"data\":\"{\\\"userName\\\":\\\"tom\\\",\\\"password\\\":\\\"qwerty\\\"}\"}"}
{"level":"info","message":"{\"route\":\"/account/create\",\"data\":\"{\\\"userName\\\":\\\"tom\\\",\\\"password\\\":\\\"qwerty\\\"}\"}"}
{"level":"info","message":"{\"route\":\"/account/create\",\"data\":\"{\\\"userName\\\":\\\"tom\\\",\\\"password\\\":\\\"qwerty\\\"}\"}"}
{"level":"info","message":"{\"route\":\"/account/create\",\"data\":\"{\\\"userName\\\":\\\"tom\\\",\\\"password\\\":\\\"qwerty\\\"}\"}"}
{"level":"info","message":"{\"route\":\"/account/create\",\"data\":\"{\\\"userName\\\":\\\"tom\\\",\\\"password\\\":\\\"qwerty\\\"}\"}"}
{"level":"info","message":"{\"route\":\"/account/create\",\"data\":\"{\\\"userName\\\":\\\"tom\\\",\\\"password\\\":\\\"qwerty\\\"}\"}"}
{"level":"info","message":"{\"route\":\"/account/create\",\"data\":\"{\\\"userName\\\":\\\"tom\\\",\\\"password\\\":\\\"qwerty\\\"}\"}"}
{"level":"info","message":"{\"route\":\"/account/create\",\"data\":\"{\\\"userName\\\":\\\"tom\\\",\\\"password\\\":\\\"qwerty\\\"}\"}"}
{"level":"info","message":"{\"route\":\"/account/login\",\"data\":\"{}\"}"}
{"level":"info","message":"{\"route\":\"/account/login\",\"data\":\"{}\"}"}
{"level":"info","message":"{\"route\":\"/account/login\",\"data\":\"{}\"}"}
{"level":"info","message":"{\"route\":\"/account/login\",\"data\":\"{}\"}"}
{"level":"info","message":"{\"route\":\"/account/login\",\"data\":\"{\\\"userName\\\":\\\"tomfox747\\\",\\\"password\\\":\\\"qwerty\\\"}\"}"}
{"level":"info","message":"{\"route\":\"/account/login\",\"data\":\"{\\\"userName\\\":\\\"tomfox747\\\",\\\"password\\\":\\\"qwerty\\\"}\"}"}
{"level":"info","message":"{\"route\":\"/account/login\",\"data\":\"{\\\"userName\\\":\\\"tomfox747\\\",\\\"password\\\":\\\"qwerty\\\"}\"}"}
{"level":"info","message":"{\"route\":\"/account/login\",\"data\":\"{\\\"userName\\\":\\\"tomfox747\\\",\\\"password\\\":\\\"qwerty\\\"}\"}"}
{"level":"info","message":"{\"route\":\"/account/login\",\"data\":\"{\\\"userName\\\":\\\"tomfox747\\\",\\\"password\\\":\\\"qwerty\\\"}\"}"}
{"level":"info","message":"{\"route\":\"/account/login\",\"data\":\"{\\\"userName\\\":\\\"tomfox747\\\",\\\"password\\\":\\\"qwerty\\\"}\"}"}
{"level":"info","message":"{\"route\":\"/account/login\",\"data\":\"{\\\"userName\\\":\\\"tomfox747\\\",\\\"password\\\":\\\"qwerty\\\"}\"}"}
{"level":"info","message":"{\"route\":\"/account/login\",\"data\":\"{\\\"userName\\\":\\\"tomfox747\\\",\\\"password\\\":\\\"qwerty\\\"}\"}"}
{"level":"info","message":"{\"route\":\"/account/login\",\"data\":\"{\\\"userName\\\":\\\"tomfox747\\\",\\\"password\\\":\\\"qwerty\\\"}\"}"}
{"level":"info","message":"{\"route\":\"/account/login\",\"data\":\"{\\\"userName\\\":\\\"tomfox747\\\",\\\"password\\\":\\\"qwerty\\\"}\"}"}
{"level":"info","message":"{\"route\":\"/account/login\",\"data\":\"{\\\"userName\\\":\\\"tomfox747\\\",\\\"password\\\":\\\"qwerty\\\"}\"}"}
{"level":"info","message":"{\"route\":\"/account/login\",\"data\":\"{\\\"userName\\\":\\\"tomfox747\\\",\\\"password\\\":\\\"qwerty\\\"}\"}"}
{"level":"info","message":"{\"route\":\"/account/login\",\"data\":\"{\\\"userName\\\":\\\"tomfox747\\\",\\\"password\\\":\\\"qwerty\\\"}\"}"}
{"level":"info","message":"{\"route\":\"/account/login\",\"data\":\"{\\\"userName\\\":\\\"tomfox747\\\",\\\"password\\\":\\\"qwerty\\\"}\"}"}
{"level":"info","message":"{\"route\":\"/account/create\",\"data\":\"{\\\"userName\\\":\\\"tom\\\",\\\"password\\\":\\\"qwerty\\\"}\"}"}
{"level":"info","message":"{\"route\":\"/account/login\",\"data\":\"{\\\"userName\\\":\\\"tomfox747\\\",\\\"password\\\":\\\"qwerty\\\"}\"}"}
{"level":"info","message":"{\"route\":\"/account/login\",\"data\":\"{\\\"userName\\\":\\\"tomfox747\\\",\\\"password\\\":\\\"qwerty\\\"}\"}"}
{"level":"info","message":"{\"route\":\"/account/create\",\"data\":\"{\\\"userName\\\":\\\"tom\\\",\\\"password\\\":\\\"qwerty\\\"}\"}"}
{"level":"info","message":"{\"route\":\"/account/create\",\"data\":\"{\\\"userName\\\":\\\"tom\\\",\\\"password\\\":\\\"qwerty\\\"}\"}"}
{"level":"info","message":"{\"route\":\"/account/create\",\"data\":\"{\\\"userName\\\":\\\"tom\\\",\\\"password\\\":\\\"qwerty\\\"}\"}"}
{"level":"info","message":"{\"route\":\"/account/create\",\"data\":\"{\\\"userName\\\":\\\"tom\\\",\\\"password\\\":\\\"qwerty\\\"}\"}"}
{"level":"info","message":"{\"route\":\"/account/login\",\"data\":\"{\\\"userName\\\":\\\"tomfox747\\\",\\\"password\\\":\\\"qwerty\\\"}\"}"}
{"level":"info","message":"{\"route\":\"/account/login\",\"data\":\"{\\\"userName\\\":\\\"tomfox7\\\",\\\"password\\\":\\\"qwerty\\\"}\"}"}
{"level":"info","message":"{\"route\":\"/account/login\",\"data\":\"{\\\"userName\\\":\\\"tomfox747\\\",\\\"password\\\":\\\"qwerty\\\"}\"}"}
{"level":"info","message":"{\"route\":\"/account/create\",\"data\":\"{\\\"userName\\\":\\\"tom\\\",\\\"password\\\":\\\"qwerty\\\"}\"}"}
{"level":"info","message":"{\"route\":\"/account/create\",\"data\":\"{\\\"userName\\\":\\\"tom\\\",\\\"password\\\":\\\"qwerty\\\"}\"}"}
{"level":"info","message":"{\"route\":\"/account/login\",\"data\":\"{\\\"userName\\\":\\\"tomfox747\\\",\\\"password\\\":\\\"qwerty\\\"}\"}"}
