{"level":"info","message":"{\"route\":\"/user/authenticate\",\"data\":\"{\\\"userName\\\":\\\"tom\\\",\\\"password\\\":\\\"qwerty\\\"}\"}"}
{"level":"info","message":"{\"route\":\"/user/createAccount\",\"data\":\"{}\"}"}
{"level":"info","message":"{\"route\":\"/user/createAccount\",\"data\":\"{}\"}"}
{"level":"info","message":"{\"route\":\"/user/createAccount\",\"data\":\"{}\"}"}
{"level":"info","message":"{\"route\":\"/user/createAccount\",\"data\":\"{\\\"userData\\\":{\\\"userName\\\":\\\"daz\\\",\\\"password\\\":\\\"1234\\\"}}\"}"}
{"level":"info","message":"{\"route\":\"/user/createAccount\",\"data\":\"{\\\"userData\\\":{\\\"userName\\\":\\\"tomfox747\\\",\\\"password\\\":\\\"qwerty\\\"}}\"}"}
{"level":"info","message":"{\"route\":\"/user/createAccount\",\"data\":\"{\\\"userData\\\":{\\\"userName\\\":\\\"tomfox747\\\",\\\"password\\\":\\\"qwerty\\\"}}\"}"}
{"level":"info","message":"{\"route\":\"/user/createAccount\",\"data\":\"{\\\"userData\\\":{\\\"userName\\\":\\\"tomfox747\\\",\\\"password\\\":\\\"qwerty\\\"}}\"}"}
{"level":"info","message":"{\"route\":\"/user/createAccount\",\"data\":\"{\\\"userData\\\":{\\\"userName\\\":\\\"tomfox747\\\",\\\"password\\\":\\\"qwerty\\\"}}\"}"}
{"level":"info","message":"{\"route\":\"/user/createAccount\",\"data\":\"{\\\"userData\\\":{\\\"userName\\\":\\\"tomfox747\\\",\\\"password\\\":\\\"qwerty\\\"}}\"}"}
{"level":"info","message":"{\"route\":\"/user/createAccount\",\"data\":\"{\\\"userData\\\":{\\\"userName\\\":\\\"daz\\\",\\\"password\\\":\\\"1234\\\"}}\"}"}
{"level":"info","message":"{\"route\":\"/user/createAccount\",\"data\":\"{\\\"userData\\\":{\\\"userName\\\":\\\"daz\\\",\\\"password\\\":\\\"1234\\\"}}\"}"}
{"level":"info","message":"{\"route\":\"/user/createAccount\",\"data\":\"{\\\"userData\\\":{\\\"userName\\\":\\\"tomfox747\\\",\\\"password\\\":\\\"qwerty\\\"}}\"}"}
{"level":"info","message":"{\"route\":\"/user/createAccount\",\"data\":\"{\\\"userData\\\":{\\\"userName\\\":\\\"tomfox747\\\",\\\"password\\\":\\\"qwerty\\\"}}\"}"}
{"level":"info","message":"{\"route\":\"/user/createAccount\",\"data\":\"{\\\"userData\\\":{\\\"userName\\\":\\\"daz\\\",\\\"password\\\":\\\"1234\\\"}}\"}"}
{"level":"info","message":"{\"route\":\"/user/createAccount\",\"data\":\"{\\\"userData\\\":{\\\"userName\\\":\\\"tomfox747\\\",\\\"password\\\":\\\"qwerty\\\"}}\"}"}
{"level":"info","message":"{\"route\":\"/user/createAccount\",\"data\":\"{\\\"userData\\\":{\\\"userName\\\":\\\"daz\\\",\\\"password\\\":\\\"1234\\\"}}\"}"}
{"level":"info","message":"{\"route\":\"/user/authenticate\",\"data\":\"{\\\"userName\\\":\\\"tom\\\",\\\"password\\\":\\\"qwerty\\\"}\"}"}
{"level":"info","message":"{\"route\":\"/user/authenticate\",\"data\":\"{\\\"userName\\\":\\\"tom\\\",\\\"password\\\":\\\"qwerty\\\"}\"}"}
{"level":"info","message":"{\"route\":\"/user/authenticate\",\"data\":\"{\\\"userName\\\":\\\"tom\\\",\\\"password\\\":\\\"qwerty\\\"}\"}"}
{"level":"info","message":"{\"route\":\"/user/createAccount\",\"data\":\"{\\\"userData\\\":{\\\"userName\\\":\\\"tomfox747\\\",\\\"password\\\":\\\"qwerty\\\"}}\"}"}
{"level":"info","message":"{\"route\":\"/user/createAccount\",\"data\":\"{\\\"userData\\\":{\\\"userName\\\":\\\"tomfox747\\\",\\\"password\\\":\\\"qwerty\\\"}}\"}"}
{"level":"info","message":"{\"route\":\"/user/createAccount\",\"data\":\"{\\\"userData\\\":{\\\"userName\\\":\\\"tomfox\\\",\\\"password\\\":\\\"qwerty\\\"}}\"}"}
{"level":"info","message":"{\"route\":\"/user/createAccount\",\"data\":\"{\\\"userData\\\":{\\\"userName\\\":\\\"daz\\\",\\\"password\\\":\\\"1234\\\"}}\"}"}
{"level":"info","message":"{\"route\":\"/account/create\",\"data\":\"{}\"}"}
{"level":"info","message":"{\"route\":\"/account/create\",\"data\":\"{}\"}"}
{"level":"info","message":"{\"route\":\"/account/create\",\"data\":\"{}\"}"}
{"level":"info","message":"{\"route\":\"/account/create\",\"data\":\"{}\"}"}
{"level":"info","message":"{\"route\":\"/account/create\",\"data\":\"{}\"}"}
{"level":"info","message":"{\"route\":\"/account/create\",\"data\":\"{}\"}"}
{"level":"info","message":"{\"route\":\"/account/create\",\"data\":\"{}\"}"}
{"level":"info","message":"{\"route\":\"/account/create\",\"data\":\"{\\\"userName\\\":\\\"tom\\\",\\\"password\\\":\\\"qwerty\\\"}\"}"}
{"level":"info","message":"{\"route\":\"/account/create\",\"data\":\"{\\\"userName\\\":\\\"tom\\\",\\\"password\\\":\\\"qwerty\\\"}\"}"}
{"level":"info","message":"{\"route\":\"/account/create\",\"data\":\"{\\\"userName\\\":\\\"tom\\\",\\\"password\\\":\\\"qwerty\\\"}\"}"}
{"level":"info","message":"{\"route\":\"/account/create\",\"data\":\"{\\\"userName\\\":\\\"tom\\\",\\\"password\\\":\\\"qwerty\\\"}\"}"}
{"level":"info","message":"{\"route\":\"/account/create\",\"data\":\"{\\\"userData\\\":{\\\"userName\\\":\\\"daz\\\",\\\"password\\\":\\\"1234\\\"}}\"}"}
{"level":"info","message":"{\"route\":\"/account/login\",\"data\":\"{\\\"userName\\\":\\\"tomfox747\\\",\\\"password\\\":\\\"qwerty\\\"}\"}"}
{"level":"info","message":"{\"route\":\"/account/create\",\"data\":\"{\\\"userData\\\":{\\\"userName\\\":\\\"daz\\\",\\\"password\\\":\\\"1234\\\"}}\"}"}
{"level":"info","message":"{\"route\":\"/account/create\",\"data\":\"{\\\"userData\\\":{\\\"userName\\\":\\\"daz\\\",\\\"password\\\":\\\"1234\\\"}}\"}"}
{"level":"info","message":"{\"route\":\"/account/create\",\"data\":\"{\\\"userData\\\":{\\\"userName\\\":\\\"daz\\\",\\\"password\\\":\\\"1234\\\"}}\"}"}
{"level":"info","message":"{\"route\":\"/account/create\",\"data\":\"{\\\"userData\\\":{\\\"userName\\\":\\\"daz\\\",\\\"password\\\":\\\"1234\\\"}}\"}"}
{"level":"info","message":"{\"route\":\"/account/create\",\"data\":\"{\\\"userData\\\":{\\\"userName\\\":\\\"daz\\\",\\\"password\\\":\\\"1234\\\"}}\"}"}
{"level":"info","message":"{\"route\":\"/account/create\",\"data\":\"{\\\"userData\\\":{\\\"userName\\\":\\\"daz\\\",\\\"password\\\":\\\"1234\\\"}}\"}"}
{"level":"info","message":"{\"route\":\"/account/create\",\"data\":\"{\\\"userData\\\":{\\\"userName\\\":\\\"daz\\\",\\\"password\\\":\\\"1234\\\"}}\"}"}
{"level":"info","message":"{\"route\":\"/account/create\",\"data\":\"{\\\"userData\\\":{\\\"userName\\\":\\\"daz\\\",\\\"password\\\":\\\"1234\\\"}}\"}"}
{"level":"info","message":"{\"route\":\"/account/create\",\"data\":\"{\\\"userData\\\":{\\\"userName\\\":\\\"daz\\\",\\\"password\\\":\\\"1234\\\"}}\"}"}
{"level":"info","message":"{\"route\":\"/account/login\",\"data\":\"{\\\"userName\\\":\\\"tomfox747\\\",\\\"password\\\":\\\"qwerty\\\"}\"}"}
{"level":"info","message":"{\"route\":\"/account/login\",\"data\":\"{\\\"userName\\\":\\\"tomfox747\\\",\\\"password\\\":\\\"qwerty\\\"}\"}"}
{"level":"info","message":"{\"route\":\"/account/login\",\"data\":\"{\\\"userName\\\":\\\"tomfox747\\\",\\\"password\\\":\\\"qwerty\\\"}\"}"}
{"level":"info","message":"{\"route\":\"/account/login\",\"data\":\"{\\\"userName\\\":\\\"tomfox747\\\",\\\"password\\\":\\\"qwerty\\\"}\"}"}
{"level":"info","message":"{\"route\":\"/account/create\",\"data\":\"{\\\"userName\\\":\\\"tom\\\",\\\"password\\\":\\\"qwerty\\\"}\"}"}
{"level":"info","message":"{\"route\":\"/account/create\",\"data\":\"{\\\"userName\\\":\\\"tom\\\",\\\"password\\\":\\\"qwerty\\\"}\"}"}
{"level":"info","message":"{\"route\":\"/account/login\",\"data\":\"{\\\"userName\\\":\\\"tomfox747\\\",\\\"password\\\":\\\"qwerty\\\"}\"}"}
